Mon Aug  1 18:04:56 CST 2016
Applications Memory Usage (kB):
Uptime: 6754183 Realtime: 6839213

** MEMINFO in pid 4984 [com.zoodles.ellipsiskids] **
                   Pss  Private  Private  Swapped     Heap     Heap     Heap
                 Total    Dirty    Clean    Dirty     Size    Alloc     Free
                ------   ------   ------   ------   ------   ------   ------
  Native Heap    59043    58972        0        0    69424    66282      281
  Dalvik Heap     3082     3020        0        0     4812     4288      524
 Dalvik Other     2149     2024        0        0                           
        Stack      532      532        0        0                           
    Other dev        4        0        4        0                           
     .so mmap    10206     1140     8216        0                           
    .apk mmap       49        0        8        0                           
    .dex mmap     2367       36     1408        0                           
   Other mmap       16        4        0        0                           
      Unknown    12040    12040        0        0                           
        TOTAL    89488    77768     9636        0    74236    70570      805
 
 Objects
               Views:       14         ViewRootImpl:        1
         AppContexts:        4           Activities:        1
              Assets:        2        AssetManagers:        2
       Local Binders:       16        Proxy Binders:       24
    Death Recipients:        0
     OpenSSL Sockets:        5
 
 SQL
         MEMORY_USED:        0
  PAGECACHE_OVERFLOW:        0          MALLOC_SIZE:        0
 

Mon Aug  1 18:05:02 CST 2016
Applications Memory Usage (kB):
Uptime: 6759377 Realtime: 6844407

** MEMINFO in pid 4984 [com.zoodles.ellipsiskids] **
                   Pss  Private  Private  Swapped     Heap     Heap     Heap
                 Total    Dirty    Clean    Dirty     Size    Alloc     Free
                ------   ------   ------   ------   ------   ------   ------
  Native Heap    59043    58972        0        0    69424    66283      280
  Dalvik Heap     3082     3020        0        0     4812     4353      459
 Dalvik Other     2149     2024        0        0                           
        Stack      532      532        0        0                           
    Other dev        4        0        4        0                           
     .so mmap    10206     1140     8216        0                           
    .apk mmap       49        0        8        0                           
    .dex mmap     2367       36     1408        0                           
   Other mmap       16        4        0        0                           
      Unknown    12040    12040        0        0                           
        TOTAL    89488    77768     9636        0    74236    70636      739
 
 Objects
               Views:       14         ViewRootImpl:        1
         AppContexts:        4           Activities:        1
              Assets:        2        AssetManagers:        2
       Local Binders:       16        Proxy Binders:       24
    Death Recipients:        0
     OpenSSL Sockets:        5
 
 SQL
         MEMORY_USED:        0
  PAGECACHE_OVERFLOW:        0          MALLOC_SIZE:        0
 

Mon Aug  1 18:05:07 CST 2016
Applications Memory Usage (kB):
Uptime: 6764578 Realtime: 6849608

** MEMINFO in pid 4984 [com.zoodles.ellipsiskids] **
                   Pss  Private  Private  Swapped     Heap     Heap     Heap
                 Total    Dirty    Clean    Dirty     Size    Alloc     Free
                ------   ------   ------   ------   ------   ------   ------
  Native Heap    59043    58972        0        0    69424    66283      280
  Dalvik Heap     3082     3020        0        0     4812     4417      395
 Dalvik Other     2149     2024        0        0                           
        Stack      532      532        0        0                           
    Other dev        4        0        4        0                           
     .so mmap    10206     1140     8216        0                           
    .apk mmap       49        0        8        0                           
    .dex mmap     2367       36     1408        0                           
   Other mmap       16        4        0        0                           
      Unknown    12040    12040        0        0                           
        TOTAL    89488    77768     9636        0    74236    70700      675
 
 Objects
               Views:       14         ViewRootImpl:        1
         AppContexts:        4           Activities:        1
              Assets:        2        AssetManagers:        2
       Local Binders:       16        Proxy Binders:       24
    Death Recipients:        0
     OpenSSL Sockets:        5
 
 SQL
         MEMORY_USED:        0
  PAGECACHE_OVERFLOW:        0          MALLOC_SIZE:        0
 

